0 info it worked if it ends with ok
1 verbose cli [ '/usr/local/bin/node', '/usr/local/bin/npm', 'run', 'e2e' ]
2 info using npm@3.10.3
3 info using node@v6.6.0
4 verbose run-script [ 'pree2e', 'e2e', 'poste2e' ]
5 info lifecycle angular-quickstart@1.0.0~pree2e: angular-quickstart@1.0.0
6 verbose lifecycle angular-quickstart@1.0.0~pree2e: unsafe-perm in lifecycle true
7 verbose lifecycle angular-quickstart@1.0.0~pree2e: PATH: /usr/local/lib/node_modules/npm/bin/node-gyp-bin:/Users/developer/Desktop/eddie/angus/node_modules/.bin:/usr/local/bin:/usr/local/bin:/usr/bin:/bin:/usr/sbin:/sbin:/opt/X11/bin:/usr/local/git/bin
8 verbose lifecycle angular-quickstart@1.0.0~pree2e: CWD: /Users/developer/Desktop/eddie/angus
9 silly lifecycle angular-quickstart@1.0.0~pree2e: Args: [ '-c', 'npm run webdriver:update' ]
10 silly lifecycle angular-quickstart@1.0.0~pree2e: Returned: code: 0  signal: null
11 info lifecycle angular-quickstart@1.0.0~e2e: angular-quickstart@1.0.0
12 verbose lifecycle angular-quickstart@1.0.0~e2e: unsafe-perm in lifecycle true
13 verbose lifecycle angular-quickstart@1.0.0~e2e: PATH: /usr/local/lib/node_modules/npm/bin/node-gyp-bin:/Users/developer/Desktop/eddie/angus/node_modules/.bin:/usr/local/bin:/usr/local/bin:/usr/bin:/bin:/usr/sbin:/sbin:/opt/X11/bin:/usr/local/git/bin
14 verbose lifecycle angular-quickstart@1.0.0~e2e: CWD: /Users/developer/Desktop/eddie/angus
15 silly lifecycle angular-quickstart@1.0.0~e2e: Args: [ '-c',
15 silly lifecycle   'concurrently "npm run tsc:w" "http-server -s" "protractor protractor.config.js" --kill-others --success first' ]
16 silly lifecycle angular-quickstart@1.0.0~e2e: Returned: code: 1  signal: null
17 info lifecycle angular-quickstart@1.0.0~e2e: Failed to exec e2e script
18 verbose stack Error: angular-quickstart@1.0.0 e2e: `concurrently "npm run tsc:w" "http-server -s" "protractor protractor.config.js" --kill-others --success first`
18 verbose stack Exit status 1
18 verbose stack     at EventEmitter.<anonymous> (/usr/local/lib/node_modules/npm/lib/utils/lifecycle.js:242:16)
18 verbose stack     at emitTwo (events.js:106:13)
18 verbose stack     at EventEmitter.emit (events.js:191:7)
18 verbose stack     at ChildProcess.<anonymous> (/usr/local/lib/node_modules/npm/lib/utils/spawn.js:40:14)
18 verbose stack     at emitTwo (events.js:106:13)
18 verbose stack     at ChildProcess.emit (events.js:191:7)
18 verbose stack     at maybeClose (internal/child_process.js:877:16)
18 verbose stack     at Process.ChildProcess._handle.onexit (internal/child_process.js:226:5)
19 verbose pkgid angular-quickstart@1.0.0
20 verbose cwd /Users/developer/Desktop/eddie/angus/app
21 error Darwin 14.5.0
22 error argv "/usr/local/bin/node" "/usr/local/bin/npm" "run" "e2e"
23 error node v6.6.0
24 error npm  v3.10.3
25 error code ELIFECYCLE
26 error angular-quickstart@1.0.0 e2e: `concurrently "npm run tsc:w" "http-server -s" "protractor protractor.config.js" --kill-others --success first`
26 error Exit status 1
27 error Failed at the angular-quickstart@1.0.0 e2e script 'concurrently "npm run tsc:w" "http-server -s" "protractor protractor.config.js" --kill-others --success first'.
27 error Make sure you have the latest version of node.js and npm installed.
27 error If you do, this is most likely a problem with the angular-quickstart package,
27 error not with npm itself.
27 error Tell the author that this fails on your system:
27 error     concurrently "npm run tsc:w" "http-server -s" "protractor protractor.config.js" --kill-others --success first
27 error You can get information on how to open an issue for this project with:
27 error     npm bugs angular-quickstart
27 error Or if that isn't available, you can get their info via:
27 error     npm owner ls angular-quickstart
27 error There is likely additional logging output above.
28 verbose exit [ 1, true ]
